<?xml version="1.0" encoding="UTF-8"?>
<!-- Generated by org.testng.reporters.JUnitReportReporter -->
<testsuite hostname="360N-SF-Unnati" failures="0" tests="1" name="com.officialweb.testCases.TC_UITest_001" time="4.408" errors="0" timestamp="2024-07-01T16:29:56 IST" skipped="0">
  <testcase classname="com.officialweb.testCases.TC_UITest_001" name="UITest" time="4.408"/>
  <system-out/>
</testsuite> <!-- com.officialweb.testCases.TC_UITest_001 -->
