<?xml version="1.0" encoding="UTF-8"?>
<!-- Generated by org.testng.reporters.JUnitReportReporter -->
<testsuite hostname="360N-SF-Unnati" failures="0" tests="1" name="com.officialweb.testCases.Header_360Web" time="8.714" errors="0" timestamp="2024-07-22T14:17:32 IST" skipped="0">
  <testcase classname="com.officialweb.testCases.Header_360Web" name="UITest" time="8.714"/>
  <system-out/>
</testsuite> <!-- com.officialweb.testCases.Header_360Web -->
